生成启动时间为 2020/12/3 20:49:21。
     1>项目“E:\study\软件工程\vs\WordCount\WordCount\WordCount.vcxproj”在节点 2 上(build 个目标)。
     1>InitializeBuildStatus:
         正在创建“Debug\WordCount.unsuccessfulbuild”，因为已指定“AlwaysCreate”。
       GenerateTargetFrameworkMonikerAttribute:
       正在跳过目标“GenerateTargetFrameworkMonikerAttribute”，因为所有输出文件相对于输入文件而言都是最新的。
       ClCompile:
         d:\Program Files (x86)\Microsoft Visual Studio 10.0\VC\bin\CL.exe /c /AI"C:\Program Files (x86)\Reference Assemblies\Microsoft\Framework\.NETFramework\v4.0" /Zi /clr /nologo /W3 /WX- /Od /Oy- /D WIN32 /D _DEBUG /D _UNICODE /D UNICODE /EHa /MDd /GS /fp:precise /Zc:wchar_t /Zc:forScope /Yc"StdAfx.h" /Fp"Debug\WordCount.pch" /Fo"Debug\\" /Fd"Debug\vc100.pdb" /TP /FU"C:\Program Files (x86)\Reference Assemblies\Microsoft\Framework\.NETFramework\v4.0\System.Core.dll" /FU"C:\Program Files (x86)\Reference Assemblies\Microsoft\Framework\.NETFramework\v4.0\System.Data.dll" /FU"C:\Program Files (x86)\Reference Assemblies\Microsoft\Framework\.NETFramework\v4.0\System.dll" /FU"C:\Program Files (x86)\Reference Assemblies\Microsoft\Framework\.NETFramework\v4.0\System.Xml.dll" /analyze- /errorReport:prompt stdafx.cpp /clr:nostdlib 
         stdafx.cpp
         d:\Program Files (x86)\Microsoft Visual Studio 10.0\VC\bin\CL.exe /c /AI"C:\Program Files (x86)\Reference Assemblies\Microsoft\Framework\.NETFramework\v4.0" /Zi /clr /nologo /W3 /WX- /Od /Oy- /D WIN32 /D _DEBUG /D _UNICODE /D UNICODE /EHa /MDd /GS /fp:precise /Zc:wchar_t /Zc:forScope /Yu"StdAfx.h" /Fp"Debug\WordCount.pch" /Fo"Debug\\" /Fd"Debug\vc100.pdb" /TP /FU"C:\Program Files (x86)\Reference Assemblies\Microsoft\Framework\.NETFramework\v4.0\System.Core.dll" /FU"C:\Program Files (x86)\Reference Assemblies\Microsoft\Framework\.NETFramework\v4.0\System.Data.dll" /FU"C:\Program Files (x86)\Reference Assemblies\Microsoft\Framework\.NETFramework\v4.0\System.dll" /FU"C:\Program Files (x86)\Reference Assemblies\Microsoft\Framework\.NETFramework\v4.0\System.Xml.dll" /analyze- /errorReport:prompt AssemblyInfo.cpp WordCount.cpp /clr:nostdlib 
         AssemblyInfo.cpp
         WordCount.cpp
     1>WordCount.cpp(13): warning C4996: 'strcpy': This function or variable may be unsafe. Consider using strcpy_s instead. To disable deprecation, use _CRT_SECURE_NO_WARNINGS. See online help for details.
                 d:\Program Files (x86)\Microsoft Visual Studio 10.0\VC\include\string.h(105) : 参见“strcpy”的声明
     1>WordCount.cpp(14): warning C4996: 'fopen': This function or variable may be unsafe. Consider using fopen_s instead. To disable deprecation, use _CRT_SECURE_NO_WARNINGS. See online help for details.
                 d:\Program Files (x86)\Microsoft Visual Studio 10.0\VC\include\stdio.h(234) : 参见“fopen”的声明
         正在生成代码...
         d:\Program Files (x86)\Microsoft Visual Studio 10.0\VC\bin\CL.exe /c /Zi /clr /nologo /W3 /WX- /Od /Oy- /D WIN32 /D _DEBUG /D _UNICODE /D UNICODE /EHa /MDd /GS /fp:precise /Zc:wchar_t /Zc:forScope /Fo"Debug\\" /Fd"Debug\vc100.pdb" /TP /analyze- /errorReport:prompt "D:\huancun\TMP\TMP\.NETFramework,Version=v4.0.AssemblyAttributes.cpp"
         .NETFramework,Version=v4.0.AssemblyAttributes.cpp
       ResourceCompile:
         C:\Program Files (x86)\Microsoft SDKs\Windows\v7.0A\bin\rc.exe /D _UNICODE /D UNICODE /l"0x0409" /nologo /fo"Debug\app.res" app.rc 
       Link:
         d:\Program Files (x86)\Microsoft Visual Studio 10.0\VC\bin\link.exe /ERRORREPORT:PROMPT /OUT:"E:\study\软件工程\vs\WordCount\Debug\WordCount.exe" /INCREMENTAL /NOLOGO /MANIFEST /ManifestFile:"Debug\WordCount.exe.intermediate.manifest" /MANIFESTUAC:"level='asInvoker' uiAccess='false'" /DEBUG /PDB:"E:\study\软件工程\vs\WordCount\Debug\WordCount.pdb" /ASSEMBLYDEBUG /TLBID:1 /DYNAMICBASE /FIXED:NO /NXCOMPAT /MACHINE:X86 Debug\app.res
         Debug\AssemblyInfo.obj
         Debug\stdafx.obj
         Debug\WordCount.obj
         "Debug\.NETFramework,Version=v4.0.AssemblyAttributes.obj"
         WordCount.vcxproj -> E:\study\软件工程\vs\WordCount\Debug\WordCount.exe
       Manifest:
         C:\Program Files (x86)\Microsoft SDKs\Windows\v7.0A\bin\mt.exe /nologo /verbose /outputresource:"E:\study\软件工程\vs\WordCount\Debug\WordCount.exe;#1" /manifest Debug\WordCount.exe.intermediate.manifest
       FinalizeBuildStatus:
         正在删除文件“Debug\WordCount.unsuccessfulbuild”。
         正在对“Debug\WordCount.lastbuildstate”执行 Touch 任务。
     1>已完成生成项目“E:\study\软件工程\vs\WordCount\WordCount\WordCount.vcxproj”(build 个目标)的操作。

生成成功。

已用时间 00:00:01.27
